2025-01-06 11:32:52,945 - ERROR - Configuration error: EMAIL_RECIPIENTS must be set in the .env file
2025-01-06 11:32:52,945 - ERROR - Failed to start RouterManager: EMAIL_RECIPIENTS must be set in the .env file
2025-01-06 11:33:53,804 - ERROR - Configuration error: EMAIL_RECIPIENTS must be set in the .env file
2025-01-06 11:33:53,805 - ERROR - Failed to start RouterManager: EMAIL_RECIPIENTS must be set in the .env file
2025-01-06 11:34:34,950 - ERROR - Configuration error: EMAIL_RECIPIENTS must be set in the .env file
2025-01-06 11:34:34,950 - ERROR - Failed to start RouterManager: EMAIL_RECIPIENTS must be set in the .env file
2025-01-06 11:34:56,992 - INFO - Configuration loaded successfully
2025-01-06 11:35:00,702 - WARNING - No matching user found
2025-01-06 11:35:01,350 - ERROR - Unable to fetch the current user. Exiting.
2025-01-06 11:36:50,823 - INFO - Configuration loaded successfully
2025-01-06 11:36:54,620 - WARNING - No matching user found
2025-01-06 11:36:55,393 - ERROR - Unable to fetch the current user. Exiting.
2025-01-06 11:37:11,937 - INFO - Configuration loaded successfully
2025-01-06 11:37:15,668 - WARNING - No matching user found
2025-01-06 11:37:16,464 - ERROR - Unable to fetch the current user. Exiting.
2025-01-06 11:57:00,801 - INFO - Configuration loaded successfully
2025-01-06 11:57:11,302 - INFO - Usage for Fahim: 9717 minutes
2025-01-06 11:57:12,052 - INFO - Scheduling next check in 1883 minutes
2025-01-06 11:58:30,527 - INFO - Shutting down gracefully...
2025-01-15 10:11:08,099 - INFO - Configuration loaded successfully
2025-01-15 10:11:13,059 - WARNING - No matching user found
2025-01-15 10:11:13,882 - ERROR - Unable to fetch the current user. Exiting.
2025-01-15 10:11:18,676 - INFO - Configuration loaded successfully
2025-01-15 10:11:29,473 - INFO - Usage for Tahmid: 4601 minutes
2025-01-15 10:11:30,268 - INFO - Scheduling next check in 6999 minutes
2025-01-15 10:21:35,871 - INFO - Shutting down gracefully...
2025-01-15 10:21:38,368 - INFO - Configuration loaded successfully
2025-01-15 10:21:47,794 - INFO - Usage for Tahmid: 4601 minutes
2025-01-15 10:21:48,606 - INFO - Scheduling next check in 6999 minutes
2025-01-15 10:25:12,348 - INFO - Shutting down gracefully...
2025-01-15 10:25:59,391 - INFO - Configuration loaded successfully
2025-01-15 10:26:07,631 - INFO - Usage for Tahmid: 4601 minutes
2025-01-15 10:26:08,402 - INFO - Scheduling next check in 6999 minutes
2025-01-15 10:26:11,688 - INFO - Shutting down gracefully...
2025-01-15 10:28:22,874 - INFO - Configuration loaded successfully
2025-01-15 10:28:34,295 - INFO - Usage for Tahmid: 4601 minutes
2025-01-15 10:28:35,405 - INFO - Scheduling next check in 6999 minutes
2025-01-15 10:53:39,959 - INFO - Shutting down gracefully...
2025-01-15 11:15:00,416 - INFO - Configuration loaded successfully
2025-01-15 11:15:09,651 - INFO - Usage for Tahmid: 4601 minutes
2025-01-15 11:15:10,372 - INFO - Scheduling next check in 6999 minutes
2025-01-15 11:15:21,809 - INFO - Shutting down gracefully...
